<?xml version="1.0" encoding="UTF-8"?>
<!-- Generated by org.testng.reporters.JUnitReportReporter -->
<testsuite hostname="KANINI-LTP-844" failures="0" tests="3" name="OopsBasics.ChildClass" time="0.036" errors="0" timestamp="2024-08-01T18:58:44 IST" skipped="0">
  <testcase classname="OopsBasics.ChildClass" name="Test2" time="0.003"/>
  <testcase classname="OopsBasics.ChildClass" name="ChildTest1" time="0.009"/>
  <testcase classname="OopsBasics.ChildClass" name="Run" time="0.024"/>
</testsuite> <!-- OopsBasics.ChildClass -->
