<?xml version="1.0" encoding="UTF-8"?>
<!-- Generated by org.testng.reporters.JUnitReportReporter -->
<testsuite hostname="KANINI-LTP-844" failures="0" tests="1" name="SeleniumCode.timepss" time="0.008" errors="0" timestamp="2024-08-01T14:42:32 IST" skipped="0">
  <testcase classname="SeleniumCode.timepss" name="TEst" time="0.008"/>
</testsuite> <!-- SeleniumCode.timepss -->
