<?xml version="1.0" encoding="UTF-8"?>
<!-- Generated by org.testng.reporters.JUnitReportReporter -->
<testsuite hostname="KANINI-LTP-844" failures="0" tests="1" name="OopsBasics.Constructor2" time="0.016" errors="0" timestamp="2024-08-01T19:37:06 IST" skipped="0">
  <testcase classname="OopsBasics.Constructor2" name="RunCalc" time="0.016"/>
</testsuite> <!-- OopsBasics.Constructor2 -->
