<?xml version="1.0" encoding="UTF-8"?>
<!-- Generated by org.testng.reporters.JUnitReportReporter -->
<testsuite hostname="KANINI-LTP-844" failures="0" tests="1" name="OopsBasics.ParentClass" time="0.012" errors="0" timestamp="2024-08-01T14:47:05 IST" skipped="0">
  <testcase classname="OopsBasics.ParentClass" name="Test2" time="0.012"/>
</testsuite> <!-- OopsBasics.ParentClass -->
