<?xml version="1.0" encoding="UTF-8"?>
<!-- Generated by org.testng.reporters.JUnitReportReporter -->
<testsuite hostname="KANINI-LTP-844" failures="0" tests="9" name="TestNGajanan.DataProviderTest" time="0.014" errors="0" timestamp="2024-07-31T20:03:05 IST" skipped="0">
  <testcase classname="TestNGajanan.DataProviderTest" name="VisaCard" time="0.001"/>
  <testcase classname="TestNGajanan.DataProviderTest" name="CreditCard" time="0.001"/>
  <testcase classname="TestNGajanan.DataProviderTest" name="CreditCard" time="0.000"/>
  <testcase classname="TestNGajanan.DataProviderTest" name="DebitCard" time="0.001"/>
  <testcase classname="TestNGajanan.DataProviderTest" name="CreditCard" time="0.007"/>
  <testcase classname="TestNGajanan.DataProviderTest" name="VisaCard" time="0.000"/>
  <testcase classname="TestNGajanan.DataProviderTest" name="DebitCard" time="0.001"/>
  <testcase classname="TestNGajanan.DataProviderTest" name="VisaCard" time="0.001"/>
  <testcase classname="TestNGajanan.DataProviderTest" name="DebitCard" time="0.002"/>
</testsuite> <!-- TestNGajanan.DataProviderTest -->
